::1 - - [24/Nov/2015:09:03:01 +0000] "GET / HTTP/1.1" 304 - "-" "Mozilla/5.0 (Windows NT 6.3; WOW64) AppleWebKit/537.36 (KHTML, like Gecko) Chrome/46.0.2490.86 Safari/537.36"
::1 - - [24/Nov/2015:09:03:01 +0000] "GET /css/main.css HTTP/1.1" 304 - "http://localhost/" "Mozilla/5.0 (Windows NT 6.3; WOW64) AppleWebKit/537.36 (KHTML, like Gecko) Chrome/46.0.2490.86 Safari/537.36"
::1 - - [24/Nov/2015:09:03:03 +0000] "GET / HTTP/1.1" 304 - "-" "Mozilla/5.0 (Windows NT 6.3; WOW64) AppleWebKit/537.36 (KHTML, like Gecko) Chrome/46.0.2490.86 Safari/537.36"
::1 - - [24/Nov/2015:09:03:03 +0000] "GET /css/main.css HTTP/1.1" 304 - "http://localhost/" "Mozilla/5.0 (Windows NT 6.3; WOW64) AppleWebKit/537.36 (KHTML, like Gecko) Chrome/46.0.2490.86 Safari/537.36"
::1 - - [24/Nov/2015:11:07:04 +0000] "GET /api/restaurants/ HTTP/1.1" 200 472 "-" "Mozilla/5.0 (Windows NT 6.3; WOW64) AppleWebKit/537.36 (KHTML, like Gecko) Chrome/46.0.2490.86 Safari/537.36"
::1 - - [24/Nov/2015:11:08:55 +0000] "GET /api/restaurants/56543fbe73c747de8aba2a94 HTTP/1.1" 200 234 "-" "Mozilla/5.0 (Windows NT 6.3; WOW64) AppleWebKit/537.36 (KHTML, like Gecko) Chrome/46.0.2490.86 Safari/537.36"
::1 - - [24/Nov/2015:11:09:27 +0000] "GET /api/restaurants/56543fbe73c747de8aba2a94 HTTP/1.1" 304 - "-" "Mozilla/5.0 (Windows NT 6.3; WOW64) AppleWebKit/537.36 (KHTML, like Gecko) Chrome/46.0.2490.86 Safari/537.36"
::1 - - [24/Nov/2015:11:09:33 +0000] "GET /api/restaurants/5654408e73c747de8aba2a95 HTTP/1.1" 200 235 "-" "Mozilla/5.0 (Windows NT 6.3; WOW64) AppleWebKit/537.36 (KHTML, like Gecko) Chrome/46.0.2490.86 Safari/537.36"
::1 - - [24/Nov/2015:12:46:51 +0000] "GET /api/restaurants/ HTTP/1.1" 200 37 "-" "Mozilla/5.0 (Windows NT 6.3; WOW64) AppleWebKit/537.36 (KHTML, like Gecko) Chrome/46.0.2490.86 Safari/537.36"
::1 - - [24/Nov/2015:13:00:05 +0000] "GET / HTTP/1.1" 304 - "-" "Mozilla/5.0 (Windows NT 6.3; WOW64) AppleWebKit/537.36 (KHTML, like Gecko) Chrome/46.0.2490.86 Safari/537.36"
::1 - - [24/Nov/2015:13:00:05 +0000] "GET /css/main.css HTTP/1.1" 304 - "http://localhost/" "Mozilla/5.0 (Windows NT 6.3; WOW64) AppleWebKit/537.36 (KHTML, like Gecko) Chrome/46.0.2490.86 Safari/537.36"
::1 - - [24/Nov/2015:13:24:04 +0000] "GET /api/restaurants/ HTTP/1.1" 304 - "-" "Mozilla/5.0 (Windows NT 6.3; WOW64) AppleWebKit/537.36 (KHTML, like Gecko) Chrome/46.0.2490.86 Safari/537.36"
::1 - - [24/Nov/2015:13:24:48 +0000] "GET /api/restaurants/ HTTP/1.1" 500 2162 "-" "Mozilla/5.0 (Windows NT 6.3; WOW64) AppleWebKit/537.36 (KHTML, like Gecko) Chrome/46.0.2490.86 Safari/537.36"
::1 - - [24/Nov/2015:13:26:52 +0000] "GET /api/restaurants/ HTTP/1.1" 500 2172 "-" "Mozilla/5.0 (Windows NT 6.3; WOW64) AppleWebKit/537.36 (KHTML, like Gecko) Chrome/46.0.2490.86 Safari/537.36"
::1 - - [24/Nov/2015:13:27:39 +0000] "GET /api/restaurants/ HTTP/1.1" 200 37 "-" "Mozilla/5.0 (Windows NT 6.3; WOW64) AppleWebKit/537.36 (KHTML, like Gecko) Chrome/46.0.2490.86 Safari/537.36"
::1 - - [24/Nov/2015:13:29:33 +0000] "GET /api/restaurants/ HTTP/1.1" 304 - "-" "Mozilla/5.0 (Windows NT 6.3; WOW64) AppleWebKit/537.36 (KHTML, like Gecko) Chrome/46.0.2490.86 Safari/537.36"
::1 - - [24/Nov/2015:13:29:34 +0000] "GET /api/restaurants/ HTTP/1.1" 304 - "-" "Mozilla/5.0 (Windows NT 6.3; WOW64) AppleWebKit/537.36 (KHTML, like Gecko) Chrome/46.0.2490.86 Safari/537.36"
::1 - - [24/Nov/2015:13:29:34 +0000] "GET /api/restaurants/ HTTP/1.1" 304 - "-" "Mozilla/5.0 (Windows NT 6.3; WOW64) AppleWebKit/537.36 (KHTML, like Gecko) Chrome/46.0.2490.86 Safari/537.36"
::1 - - [24/Nov/2015:13:31:06 +0000] "GET /api/restaurants/ HTTP/1.1" 304 - "-" "Mozilla/5.0 (Windows NT 6.3; WOW64) AppleWebKit/537.36 (KHTML, like Gecko) Chrome/46.0.2490.86 Safari/537.36"
::1 - - [24/Nov/2015:13:31:08 +0000] "GET /api/restaurants/ HTTP/1.1" 304 - "-" "Mozilla/5.0 (Windows NT 6.3; WOW64) AppleWebKit/537.36 (KHTML, like Gecko) Chrome/46.0.2490.86 Safari/537.36"
::1 - - [24/Nov/2015:13:31:09 +0000] "GET /api/restaurants/ HTTP/1.1" 304 - "-" "Mozilla/5.0 (Windows NT 6.3; WOW64) AppleWebKit/537.36 (KHTML, like Gecko) Chrome/46.0.2490.86 Safari/537.36"
::1 - - [24/Nov/2015:13:31:09 +0000] "GET /api/restaurants/ HTTP/1.1" 304 - "-" "Mozilla/5.0 (Windows NT 6.3; WOW64) AppleWebKit/537.36 (KHTML, like Gecko) Chrome/46.0.2490.86 Safari/537.36"
::1 - - [24/Nov/2015:13:31:09 +0000] "GET /api/restaurants/ HTTP/1.1" 304 - "-" "Mozilla/5.0 (Windows NT 6.3; WOW64) AppleWebKit/537.36 (KHTML, like Gecko) Chrome/46.0.2490.86 Safari/537.36"
::1 - - [24/Nov/2015:13:32:39 +0000] "GET /api/restaurants/ HTTP/1.1" 304 - "-" "Mozilla/5.0 (Windows NT 6.3; WOW64) AppleWebKit/537.36 (KHTML, like Gecko) Chrome/46.0.2490.86 Safari/537.36"
::1 - - [24/Nov/2015:13:34:55 +0000] "GET /api/restaurants/ HTTP/1.1" 304 - "-" "Mozilla/5.0 (Windows NT 6.3; WOW64) AppleWebKit/537.36 (KHTML, like Gecko) Chrome/46.0.2490.86 Safari/537.36"
::1 - - [24/Nov/2015:13:36:01 +0000] "GET /api/restaurants/ HTTP/1.1" 304 - "-" "Mozilla/5.0 (Windows NT 6.3; WOW64) AppleWebKit/537.36 (KHTML, like Gecko) Chrome/46.0.2490.86 Safari/537.36"
::1 - - [24/Nov/2015:13:36:15 +0000] "GET /api/restaurants/ HTTP/1.1" 304 - "-" "Mozilla/5.0 (Windows NT 6.3; WOW64) AppleWebKit/537.36 (KHTML, like Gecko) Chrome/46.0.2490.86 Safari/537.36"
::1 - - [24/Nov/2015:13:36:39 +0000] "GET /api/restaurants/ HTTP/1.1" 200 554 "-" "Mozilla/5.0 (Windows NT 6.3; WOW64) AppleWebKit/537.36 (KHTML, like Gecko) Chrome/46.0.2490.86 Safari/537.36"
::1 - - [24/Nov/2015:13:57:20 +0000] "GET /api/restaurants/ HTTP/1.1" 200 554 "-" "Mozilla/5.0 (Windows NT 6.3; WOW64) AppleWebKit/537.36 (KHTML, like Gecko) Chrome/46.0.2490.86 Safari/537.36"
::1 - - [24/Nov/2015:13:57:25 +0000] "GET /api/restaurants/ HTTP/1.1" 200 554 "-" "Mozilla/5.0 (Windows NT 6.3; WOW64) AppleWebKit/537.36 (KHTML, like Gecko) Chrome/46.0.2490.86 Safari/537.36"
::1 - - [24/Nov/2015:13:57:25 +0000] "GET /api/restaurants/ HTTP/1.1" 200 554 "-" "Mozilla/5.0 (Windows NT 6.3; WOW64) AppleWebKit/537.36 (KHTML, like Gecko) Chrome/46.0.2490.86 Safari/537.36"
::1 - - [24/Nov/2015:13:57:25 +0000] "GET /api/restaurants/ HTTP/1.1" 200 554 "-" "Mozilla/5.0 (Windows NT 6.3; WOW64) AppleWebKit/537.36 (KHTML, like Gecko) Chrome/46.0.2490.86 Safari/537.36"
::1 - - [24/Nov/2015:13:57:25 +0000] "GET /api/restaurants/ HTTP/1.1" 200 554 "-" "Mozilla/5.0 (Windows NT 6.3; WOW64) AppleWebKit/537.36 (KHTML, like Gecko) Chrome/46.0.2490.86 Safari/537.36"
::1 - - [24/Nov/2015:14:04:53 +0000] "GET /api/restaurants/ HTTP/1.1" 200 554 "-" "Mozilla/5.0 (Windows NT 6.3; WOW64) AppleWebKit/537.36 (KHTML, like Gecko) Chrome/46.0.2490.86 Safari/537.36"
::1 - - [24/Nov/2015:14:05:33 +0000] "GET /api/restaurants/ HTTP/1.1" 200 554 "-" "Mozilla/5.0 (Windows NT 6.3; WOW64) AppleWebKit/537.36 (KHTML, like Gecko) Chrome/46.0.2490.86 Safari/537.36"
::1 - - [24/Nov/2015:14:05:35 +0000] "GET /api/restaurants/ HTTP/1.1" 200 554 "-" "Mozilla/5.0 (Windows NT 6.3; WOW64) AppleWebKit/537.36 (KHTML, like Gecko) Chrome/46.0.2490.86 Safari/537.36"
::1 - - [24/Nov/2015:14:05:43 +0000] "GET /api/restaurants/ HTTP/1.1" 200 554 "-" "Mozilla/5.0 (Windows NT 6.3; WOW64) AppleWebKit/537.36 (KHTML, like Gecko) Chrome/46.0.2490.86 Safari/537.36"
::1 - - [24/Nov/2015:14:07:50 +0000] "GET /api/restaurants/ HTTP/1.1" 500 2105 "-" "Mozilla/5.0 (Windows NT 6.3; WOW64) AppleWebKit/537.36 (KHTML, like Gecko) Chrome/46.0.2490.86 Safari/537.36"
::1 - - [24/Nov/2015:14:36:10 +0000] "GET /api/restaurants/ HTTP/1.1" 200 550 "-" "Mozilla/5.0 (Windows NT 6.3; WOW64) AppleWebKit/537.36 (KHTML, like Gecko) Chrome/46.0.2490.86 Safari/537.36"
::1 - - [24/Nov/2015:14:41:08 +0000] "GET /api/restaurants/5654408e73c747de8aba2a95 HTTP/1.1" 404 53 "-" "Mozilla/5.0 (Windows NT 6.3; WOW64) AppleWebKit/537.36 (KHTML, like Gecko) Chrome/46.0.2490.86 Safari/537.36"
::1 - - [24/Nov/2015:14:41:16 +0000] "GET /api/restaurants/5654408e73c747de8aba2a95 HTTP/1.1" 404 53 "-" "Mozilla/5.0 (Windows NT 6.3; WOW64) AppleWebKit/537.36 (KHTML, like Gecko) Chrome/46.0.2490.86 Safari/537.36"
::1 - - [24/Nov/2015:14:41:17 +0000] "GET /api/restaurants/5654408e73c747de8aba2a95 HTTP/1.1" 404 53 "-" "Mozilla/5.0 (Windows NT 6.3; WOW64) AppleWebKit/537.36 (KHTML, like Gecko) Chrome/46.0.2490.86 Safari/537.36"
::1 - - [24/Nov/2015:14:41:17 +0000] "GET /api/restaurants/5654408e73c747de8aba2a95 HTTP/1.1" 404 53 "-" "Mozilla/5.0 (Windows NT 6.3; WOW64) AppleWebKit/537.36 (KHTML, like Gecko) Chrome/46.0.2490.86 Safari/537.36"
::1 - - [24/Nov/2015:14:41:18 +0000] "GET /api/restaurants/5654408e73c747de8aba2a95 HTTP/1.1" 404 53 "-" "Mozilla/5.0 (Windows NT 6.3; WOW64) AppleWebKit/537.36 (KHTML, like Gecko) Chrome/46.0.2490.86 Safari/537.36"
::1 - - [24/Nov/2015:14:41:41 +0000] "GET /api/restaurants/5654408e73c747de8aba2a95 HTTP/1.1" 404 53 "-" "Mozilla/5.0 (Windows NT 6.3; WOW64) AppleWebKit/537.36 (KHTML, like Gecko) Chrome/46.0.2490.86 Safari/537.36"
::1 - - [24/Nov/2015:14:41:42 +0000] "GET /api/restaurants/5654408e73c747de8aba2a95 HTTP/1.1" 404 53 "-" "Mozilla/5.0 (Windows NT 6.3; WOW64) AppleWebKit/537.36 (KHTML, like Gecko) Chrome/46.0.2490.86 Safari/537.36"
::1 - - [24/Nov/2015:14:41:42 +0000] "GET /api/restaurants/5654408e73c747de8aba2a95 HTTP/1.1" 404 53 "-" "Mozilla/5.0 (Windows NT 6.3; WOW64) AppleWebKit/537.36 (KHTML, like Gecko) Chrome/46.0.2490.86 Safari/537.36"
::1 - - [24/Nov/2015:14:41:43 +0000] "GET /api/restaurants/5654408e73c747de8aba2a95 HTTP/1.1" 404 53 "-" "Mozilla/5.0 (Windows NT 6.3; WOW64) AppleWebKit/537.36 (KHTML, like Gecko) Chrome/46.0.2490.86 Safari/537.36"
::1 - - [24/Nov/2015:14:41:43 +0000] "GET /api/restaurants/5654408e73c747de8aba2a95 HTTP/1.1" 404 53 "-" "Mozilla/5.0 (Windows NT 6.3; WOW64) AppleWebKit/537.36 (KHTML, like Gecko) Chrome/46.0.2490.86 Safari/537.36"
::1 - - [24/Nov/2015:14:41:43 +0000] "GET /api/restaurants/5654408e73c747de8aba2a95 HTTP/1.1" 404 53 "-" "Mozilla/5.0 (Windows NT 6.3; WOW64) AppleWebKit/537.36 (KHTML, like Gecko) Chrome/46.0.2490.86 Safari/537.36"
::1 - - [24/Nov/2015:14:41:48 +0000] "GET /api/restaurants/ HTTP/1.1" 200 550 "-" "Mozilla/5.0 (Windows NT 6.3; WOW64) AppleWebKit/537.36 (KHTML, like Gecko) Chrome/46.0.2490.86 Safari/537.36"
::1 - - [24/Nov/2015:14:41:57 +0000] "GET /api/restaurants/56543fbe73c747de8aba2a94 HTTP/1.1" 404 53 "-" "Mozilla/5.0 (Windows NT 6.3; WOW64) AppleWebKit/537.36 (KHTML, like Gecko) Chrome/46.0.2490.86 Safari/537.36"
::1 - - [24/Nov/2015:14:41:59 +0000] "GET /api/restaurants/56543fbe73c747de8aba2a94 HTTP/1.1" 404 53 "-" "Mozilla/5.0 (Windows NT 6.3; WOW64) AppleWebKit/537.36 (KHTML, like Gecko) Chrome/46.0.2490.86 Safari/537.36"
::1 - - [24/Nov/2015:14:47:22 +0000] "GET /api/restaurants/56543fbe73c747de8aba2a94 HTTP/1.1" 500 2120 "-" "Mozilla/5.0 (Windows NT 6.3; WOW64) AppleWebKit/537.36 (KHTML, like Gecko) Chrome/46.0.2490.86 Safari/537.36"
::1 - - [24/Nov/2015:14:47:53 +0000] "GET /api/restaurants/56543fbe73c747de8aba2a94 HTTP/1.1" 200 273 "-" "Mozilla/5.0 (Windows NT 6.3; WOW64) AppleWebKit/537.36 (KHTML, like Gecko) Chrome/46.0.2490.86 Safari/537.36"
::1 - - [24/Nov/2015:15:03:32 +0000] "GET /api/restaurants/56543fbe73c747de8aba2a94 HTTP/1.1" 200 273 "-" "Mozilla/5.0 (Windows NT 6.3; WOW64) AppleWebKit/537.36 (KHTML, like Gecko) Chrome/46.0.2490.86 Safari/537.36"
::1 - - [24/Nov/2015:15:03:41 +0000] "GET /api/restaurants/name/Gilles HTTP/1.1" 500 2133 "-" "Mozilla/5.0 (Windows NT 6.3; WOW64) AppleWebKit/537.36 (KHTML, like Gecko) Chrome/46.0.2490.86 Safari/537.36"
::1 - - [24/Nov/2015:15:03:56 +0000] "GET /api/restaurants/name/Gilles HTTP/1.1" 200 2 "-" "Mozilla/5.0 (Windows NT 6.3; WOW64) AppleWebKit/537.36 (KHTML, like Gecko) Chrome/46.0.2490.86 Safari/537.36"
::1 - - [24/Nov/2015:15:03:57 +0000] "GET /api/restaurants/name/Gilles HTTP/1.1" 200 2 "-" "Mozilla/5.0 (Windows NT 6.3; WOW64) AppleWebKit/537.36 (KHTML, like Gecko) Chrome/46.0.2490.86 Safari/537.36"
::1 - - [24/Nov/2015:15:04:00 +0000] "GET /api/restaurants/name/Gilles HTTP/1.1" 200 2 "-" "Mozilla/5.0 (Windows NT 6.3; WOW64) AppleWebKit/537.36 (KHTML, like Gecko) Chrome/46.0.2490.86 Safari/537.36"
::1 - - [24/Nov/2015:15:04:00 +0000] "GET /api/restaurants/name/Gilles HTTP/1.1" 200 2 "-" "Mozilla/5.0 (Windows NT 6.3; WOW64) AppleWebKit/537.36 (KHTML, like Gecko) Chrome/46.0.2490.86 Safari/537.36"
::1 - - [24/Nov/2015:15:04:00 +0000] "GET /api/restaurants/name/Gilles HTTP/1.1" 200 2 "-" "Mozilla/5.0 (Windows NT 6.3; WOW64) AppleWebKit/537.36 (KHTML, like Gecko) Chrome/46.0.2490.86 Safari/537.36"
::1 - - [24/Nov/2015:15:04:01 +0000] "GET /api/restaurants/name/Gilles HTTP/1.1" 200 2 "-" "Mozilla/5.0 (Windows NT 6.3; WOW64) AppleWebKit/537.36 (KHTML, like Gecko) Chrome/46.0.2490.86 Safari/537.36"
::1 - - [24/Nov/2015:15:04:42 +0000] "GET /api/restaurants/name/Gilles HTTP/1.1" 200 2 "-" "Mozilla/5.0 (Windows NT 6.3; WOW64) AppleWebKit/537.36 (KHTML, like Gecko) Chrome/46.0.2490.86 Safari/537.36"
::1 - - [24/Nov/2015:15:04:42 +0000] "GET /api/restaurants/name/Gilles HTTP/1.1" 200 2 "-" "Mozilla/5.0 (Windows NT 6.3; WOW64) AppleWebKit/537.36 (KHTML, like Gecko) Chrome/46.0.2490.86 Safari/537.36"
::1 - - [24/Nov/2015:15:04:43 +0000] "GET /api/restaurants/name/Gilles HTTP/1.1" 200 2 "-" "Mozilla/5.0 (Windows NT 6.3; WOW64) AppleWebKit/537.36 (KHTML, like Gecko) Chrome/46.0.2490.86 Safari/537.36"
::1 - - [24/Nov/2015:15:04:43 +0000] "GET /api/restaurants/name/Gilles HTTP/1.1" 200 2 "-" "Mozilla/5.0 (Windows NT 6.3; WOW64) AppleWebKit/537.36 (KHTML, like Gecko) Chrome/46.0.2490.86 Safari/537.36"
::1 - - [24/Nov/2015:15:04:43 +0000] "GET /api/restaurants/name/Gilles HTTP/1.1" 200 2 "-" "Mozilla/5.0 (Windows NT 6.3; WOW64) AppleWebKit/537.36 (KHTML, like Gecko) Chrome/46.0.2490.86 Safari/537.36"
::1 - - [24/Nov/2015:15:04:43 +0000] "GET /api/restaurants/name/Gilles HTTP/1.1" 200 2 "-" "Mozilla/5.0 (Windows NT 6.3; WOW64) AppleWebKit/537.36 (KHTML, like Gecko) Chrome/46.0.2490.86 Safari/537.36"
::1 - - [24/Nov/2015:15:04:57 +0000] "GET /api/restaurants/name/Gilles HTTP/1.1" 200 2 "-" "Mozilla/5.0 (Windows NT 6.3; WOW64) AppleWebKit/537.36 (KHTML, like Gecko) Chrome/46.0.2490.86 Safari/537.36"
::1 - - [24/Nov/2015:15:04:57 +0000] "GET /api/restaurants/name/Gilles HTTP/1.1" 200 2 "-" "Mozilla/5.0 (Windows NT 6.3; WOW64) AppleWebKit/537.36 (KHTML, like Gecko) Chrome/46.0.2490.86 Safari/537.36"
::1 - - [24/Nov/2015:15:05:55 +0000] "GET /api/restaurants/name/Gilles HTTP/1.1" 200 2 "-" "Mozilla/5.0 (Windows NT 6.3; WOW64) AppleWebKit/537.36 (KHTML, like Gecko) Chrome/46.0.2490.86 Safari/537.36"
::1 - - [24/Nov/2015:15:06:18 +0000] "GET /api/restaurants/name/Gilles HTTP/1.1" 200 2 "-" "Mozilla/5.0 (Windows NT 6.3; WOW64) AppleWebKit/537.36 (KHTML, like Gecko) Chrome/46.0.2490.86 Safari/537.36"
::1 - - [24/Nov/2015:15:06:49 +0000] "GET /api/restaurants/name/Gilles HTTP/1.1" 200 2 "-" "Mozilla/5.0 (Windows NT 6.3; WOW64) AppleWebKit/537.36 (KHTML, like Gecko) Chrome/46.0.2490.86 Safari/537.36"
::1 - - [24/Nov/2015:15:07:15 +0000] "GET /api/restaurants/name/Gilles HTTP/1.1" 200 2 "-" "Mozilla/5.0 (Windows NT 6.3; WOW64) AppleWebKit/537.36 (KHTML, like Gecko) Chrome/46.0.2490.86 Safari/537.36"
::1 - - [24/Nov/2015:15:07:50 +0000] "GET /api/restaurants/name/Gilles HTTP/1.1" 200 2 "-" "Mozilla/5.0 (Windows NT 6.3; WOW64) AppleWebKit/537.36 (KHTML, like Gecko) Chrome/46.0.2490.86 Safari/537.36"
::1 - - [24/Nov/2015:15:07:51 +0000] "GET /api/restaurants/name/Gilles HTTP/1.1" 200 2 "-" "Mozilla/5.0 (Windows NT 6.3; WOW64) AppleWebKit/537.36 (KHTML, like Gecko) Chrome/46.0.2490.86 Safari/537.36"
::1 - - [24/Nov/2015:15:07:51 +0000] "GET /api/restaurants/name/Gilles HTTP/1.1" 200 2 "-" "Mozilla/5.0 (Windows NT 6.3; WOW64) AppleWebKit/537.36 (KHTML, like Gecko) Chrome/46.0.2490.86 Safari/537.36"
::1 - - [24/Nov/2015:15:07:51 +0000] "GET /api/restaurants/name/Gilles HTTP/1.1" 200 2 "-" "Mozilla/5.0 (Windows NT 6.3; WOW64) AppleWebKit/537.36 (KHTML, like Gecko) Chrome/46.0.2490.86 Safari/537.36"
::1 - - [24/Nov/2015:15:07:55 +0000] "GET /api/restaurants/ HTTP/1.1" 200 550 "-" "Mozilla/5.0 (Windows NT 6.3; WOW64) AppleWebKit/537.36 (KHTML, like Gecko) Chrome/46.0.2490.86 Safari/537.36"
::1 - - [24/Nov/2015:15:08:06 +0000] "GET /api/restaurants/name/Chez HTTP/1.1" 200 2 "-" "Mozilla/5.0 (Windows NT 6.3; WOW64) AppleWebKit/537.36 (KHTML, like Gecko) Chrome/46.0.2490.86 Safari/537.36"
::1 - - [24/Nov/2015:15:08:27 +0000] "GET /api/restaurants/name/Chez HTTP/1.1" 200 2 "-" "Mozilla/5.0 (Windows NT 6.3; WOW64) AppleWebKit/537.36 (KHTML, like Gecko) Chrome/46.0.2490.86 Safari/537.36"
::1 - - [24/Nov/2015:15:08:28 +0000] "GET /api/restaurants/name/Chez HTTP/1.1" 200 2 "-" "Mozilla/5.0 (Windows NT 6.3; WOW64) AppleWebKit/537.36 (KHTML, like Gecko) Chrome/46.0.2490.86 Safari/537.36"
::1 - - [24/Nov/2015:15:08:28 +0000] "GET /api/restaurants/name/Chez HTTP/1.1" 200 2 "-" "Mozilla/5.0 (Windows NT 6.3; WOW64) AppleWebKit/537.36 (KHTML, like Gecko) Chrome/46.0.2490.86 Safari/537.36"
::1 - - [24/Nov/2015:15:09:33 +0000] "GET /api/restaurants/name/Chez HTTP/1.1" 500 2114 "-" "Mozilla/5.0 (Windows NT 6.3; WOW64) AppleWebKit/537.36 (KHTML, like Gecko) Chrome/46.0.2490.86 Safari/537.36"
::1 - - [24/Nov/2015:15:09:43 +0000] "GET /api/restaurants/name/Chez HTTP/1.1" 200 4 "-" "Mozilla/5.0 (Windows NT 6.3; WOW64) AppleWebKit/537.36 (KHTML, like Gecko) Chrome/46.0.2490.86 Safari/537.36"
::1 - - [24/Nov/2015:15:09:44 +0000] "GET /api/restaurants/name/Chez HTTP/1.1" 200 4 "-" "Mozilla/5.0 (Windows NT 6.3; WOW64) AppleWebKit/537.36 (KHTML, like Gecko) Chrome/46.0.2490.86 Safari/537.36"
::1 - - [24/Nov/2015:15:09:44 +0000] "GET /api/restaurants/name/Chez HTTP/1.1" 200 4 "-" "Mozilla/5.0 (Windows NT 6.3; WOW64) AppleWebKit/537.36 (KHTML, like Gecko) Chrome/46.0.2490.86 Safari/537.36"
::1 - - [24/Nov/2015:15:09:53 +0000] "GET /api/restaurants/name/Chez HTTP/1.1" 200 4 "-" "Mozilla/5.0 (Windows NT 6.3; WOW64) AppleWebKit/537.36 (KHTML, like Gecko) Chrome/46.0.2490.86 Safari/537.36"
::1 - - [24/Nov/2015:15:09:53 +0000] "GET /api/restaurants/name/Chez HTTP/1.1" 200 4 "-" "Mozilla/5.0 (Windows NT 6.3; WOW64) AppleWebKit/537.36 (KHTML, like Gecko) Chrome/46.0.2490.86 Safari/537.36"
::1 - - [24/Nov/2015:15:09:53 +0000] "GET /api/restaurants/name/Chez HTTP/1.1" 200 4 "-" "Mozilla/5.0 (Windows NT 6.3; WOW64) AppleWebKit/537.36 (KHTML, like Gecko) Chrome/46.0.2490.86 Safari/537.36"
::1 - - [24/Nov/2015:15:10:05 +0000] "GET /api/restaurants/name/Chez HTTP/1.1" 200 4 "-" "Mozilla/5.0 (Windows NT 6.3; WOW64) AppleWebKit/537.36 (KHTML, like Gecko) Chrome/46.0.2490.86 Safari/537.36"
::1 - - [24/Nov/2015:15:10:06 +0000] "GET /api/restaurants/name/Chez HTTP/1.1" 200 4 "-" "Mozilla/5.0 (Windows NT 6.3; WOW64) AppleWebKit/537.36 (KHTML, like Gecko) Chrome/46.0.2490.86 Safari/537.36"
::1 - - [24/Nov/2015:15:10:06 +0000] "GET /api/restaurants/name/Chez HTTP/1.1" 200 4 "-" "Mozilla/5.0 (Windows NT 6.3; WOW64) AppleWebKit/537.36 (KHTML, like Gecko) Chrome/46.0.2490.86 Safari/537.36"
::1 - - [24/Nov/2015:15:10:21 +0000] "GET /api/restaurants/name/Chez HTTP/1.1" 200 4 "-" "Mozilla/5.0 (Windows NT 6.3; WOW64) AppleWebKit/537.36 (KHTML, like Gecko) Chrome/46.0.2490.86 Safari/537.36"
::1 - - [24/Nov/2015:15:10:21 +0000] "GET /api/restaurants/name/Chez HTTP/1.1" 200 4 "-" "Mozilla/5.0 (Windows NT 6.3; WOW64) AppleWebKit/537.36 (KHTML, like Gecko) Chrome/46.0.2490.86 Safari/537.36"
::1 - - [24/Nov/2015:15:10:21 +0000] "GET /api/restaurants/name/Chez HTTP/1.1" 200 4 "-" "Mozilla/5.0 (Windows NT 6.3; WOW64) AppleWebKit/537.36 (KHTML, like Gecko) Chrome/46.0.2490.86 Safari/537.36"
::1 - - [24/Nov/2015:15:10:22 +0000] "GET /api/restaurants/name/Chez HTTP/1.1" 200 4 "-" "Mozilla/5.0 (Windows NT 6.3; WOW64) AppleWebKit/537.36 (KHTML, like Gecko) Chrome/46.0.2490.86 Safari/537.36"
::1 - - [24/Nov/2015:15:10:22 +0000] "GET /api/restaurants/name/Chez HTTP/1.1" 200 4 "-" "Mozilla/5.0 (Windows NT 6.3; WOW64) AppleWebKit/537.36 (KHTML, like Gecko) Chrome/46.0.2490.86 Safari/537.36"
::1 - - [24/Nov/2015:15:10:41 +0000] "GET /api/restaurants/ HTTP/1.1" 200 550 "-" "Mozilla/5.0 (Windows NT 6.3; WOW64) AppleWebKit/537.36 (KHTML, like Gecko) Chrome/46.0.2490.86 Safari/537.36"
::1 - - [24/Nov/2015:15:10:52 +0000] "GET /api/restaurants/phone/0032865698741 HTTP/1.1" 200 4 "-" "Mozilla/5.0 (Windows NT 6.3; WOW64) AppleWebKit/537.36 (KHTML, like Gecko) Chrome/46.0.2490.86 Safari/537.36"
::1 - - [24/Nov/2015:15:11:07 +0000] "GET /api/restaurants/phone/0032865698741 HTTP/1.1" 200 4 "-" "Mozilla/5.0 (Windows NT 6.3; WOW64) AppleWebKit/537.36 (KHTML, like Gecko) Chrome/46.0.2490.86 Safari/537.36"
::1 - - [24/Nov/2015:15:11:07 +0000] "GET /api/restaurants/phone/0032865698741 HTTP/1.1" 200 4 "-" "Mozilla/5.0 (Windows NT 6.3; WOW64) AppleWebKit/537.36 (KHTML, like Gecko) Chrome/46.0.2490.86 Safari/537.36"
::1 - - [24/Nov/2015:15:11:08 +0000] "GET /api/restaurants/phone/0032865698741 HTTP/1.1" 200 4 "-" "Mozilla/5.0 (Windows NT 6.3; WOW64) AppleWebKit/537.36 (KHTML, like Gecko) Chrome/46.0.2490.86 Safari/537.36"
::1 - - [24/Nov/2015:15:11:08 +0000] "GET /api/restaurants/phone/0032865698741 HTTP/1.1" 200 4 "-" "Mozilla/5.0 (Windows NT 6.3; WOW64) AppleWebKit/537.36 (KHTML, like Gecko) Chrome/46.0.2490.86 Safari/537.36"
::1 - - [24/Nov/2015:15:11:08 +0000] "GET /api/restaurants/phone/0032865698741 HTTP/1.1" 200 4 "-" "Mozilla/5.0 (Windows NT 6.3; WOW64) AppleWebKit/537.36 (KHTML, like Gecko) Chrome/46.0.2490.86 Safari/537.36"
::1 - - [24/Nov/2015:15:11:08 +0000] "GET /api/restaurants/phone/0032865698741 HTTP/1.1" 200 4 "-" "Mozilla/5.0 (Windows NT 6.3; WOW64) AppleWebKit/537.36 (KHTML, like Gecko) Chrome/46.0.2490.86 Safari/537.36"
::1 - - [24/Nov/2015:15:11:46 +0000] "GET /api/restaurants/phone/0032865698741 HTTP/1.1" 200 274 "-" "Mozilla/5.0 (Windows NT 6.3; WOW64) AppleWebKit/537.36 (KHTML, like Gecko) Chrome/46.0.2490.86 Safari/537.36"
::1 - - [24/Nov/2015:15:11:48 +0000] "GET /api/restaurants/phone/0032865698741 HTTP/1.1" 200 274 "-" "Mozilla/5.0 (Windows NT 6.3; WOW64) AppleWebKit/537.36 (KHTML, like Gecko) Chrome/46.0.2490.86 Safari/537.36"
::1 - - [24/Nov/2015:15:12:01 +0000] "GET /api/restaurants/name/Chez%20Gilles HTTP/1.1" 200 273 "-" "Mozilla/5.0 (Windows NT 6.3; WOW64) AppleWebKit/537.36 (KHTML, like Gecko) Chrome/46.0.2490.86 Safari/537.36"
::1 - - [24/Nov/2015:15:12:22 +0000] "GET /api/restaurants/name/Chez%20Gilles HTTP/1.1" 200 4 "-" "Mozilla/5.0 (Windows NT 6.3; WOW64) AppleWebKit/537.36 (KHTML, like Gecko) Chrome/46.0.2490.86 Safari/537.36"
::1 - - [24/Nov/2015:15:12:40 +0000] "GET /api/restaurants/name/Chez%20Gilles HTTP/1.1" 200 4 "-" "Mozilla/5.0 (Windows NT 6.3; WOW64) AppleWebKit/537.36 (KHTML, like Gecko) Chrome/46.0.2490.86 Safari/537.36"
::1 - - [24/Nov/2015:15:12:41 +0000] "GET /api/restaurants/name/Chez%20Gilles HTTP/1.1" 200 4 "-" "Mozilla/5.0 (Windows NT 6.3; WOW64) AppleWebKit/537.36 (KHTML, like Gecko) Chrome/46.0.2490.86 Safari/537.36"
::1 - - [24/Nov/2015:15:13:09 +0000] "GET /api/restaurants/name/Chez%20Gilles HTTP/1.1" 200 4 "-" "Mozilla/5.0 (Windows NT 6.3; WOW64) AppleWebKit/537.36 (KHTML, like Gecko) Chrome/46.0.2490.86 Safari/537.36"
::1 - - [24/Nov/2015:15:13:10 +0000] "GET /api/restaurants/name/Chez%20Gilles HTTP/1.1" 200 4 "-" "Mozilla/5.0 (Windows NT 6.3; WOW64) AppleWebKit/537.36 (KHTML, like Gecko) Chrome/46.0.2490.86 Safari/537.36"
::1 - - [24/Nov/2015:15:13:10 +0000] "GET /api/restaurants/name/Chez%20Gilles HTTP/1.1" 200 4 "-" "Mozilla/5.0 (Windows NT 6.3; WOW64) AppleWebKit/537.36 (KHTML, like Gecko) Chrome/46.0.2490.86 Safari/537.36"
::1 - - [24/Nov/2015:15:13:10 +0000] "GET /api/restaurants/name/Chez%20Gilles HTTP/1.1" 200 4 "-" "Mozilla/5.0 (Windows NT 6.3; WOW64) AppleWebKit/537.36 (KHTML, like Gecko) Chrome/46.0.2490.86 Safari/537.36"
::1 - - [24/Nov/2015:15:14:19 +0000] "GET /api/restaurants/name/Chez%20Gilles HTTP/1.1" 200 273 "-" "Mozilla/5.0 (Windows NT 6.3; WOW64) AppleWebKit/537.36 (KHTML, like Gecko) Chrome/46.0.2490.86 Safari/537.36"
::1 - - [24/Nov/2015:15:14:26 +0000] "GET /api/restaurants/name/Gilles HTTP/1.1" 200 273 "-" "Mozilla/5.0 (Windows NT 6.3; WOW64) AppleWebKit/537.36 (KHTML, like Gecko) Chrome/46.0.2490.86 Safari/537.36"
::1 - - [24/Nov/2015:15:14:39 +0000] "GET /api/restaurants/phone/698741 HTTP/1.1" 200 273 "-" "Mozilla/5.0 (Windows NT 6.3; WOW64) AppleWebKit/537.36 (KHTML, like Gecko) Chrome/46.0.2490.86 Safari/537.36"
::1 - - [25/Nov/2015:08:01:04 +0000] "GET /api/restaurants/phone/698741 HTTP/1.1" 200 273 "-" "Mozilla/5.0 (Windows NT 6.3; WOW64) AppleWebKit/537.36 (KHTML, like Gecko) Chrome/46.0.2490.86 Safari/537.36"
::1 - - [25/Nov/2015:08:01:08 +0000] "GET /api/restaurants/ HTTP/1.1" 200 550 "-" "Mozilla/5.0 (Windows NT 6.3; WOW64) AppleWebKit/537.36 (KHTML, like Gecko) Chrome/46.0.2490.86 Safari/537.36"
::1 - - [25/Nov/2015:08:01:18 +0000] "GET /api/restaurants/56543fbe73c747de8aba2a94 HTTP/1.1" 200 273 "-" "Mozilla/5.0 (Windows NT 6.3; WOW64) AppleWebKit/537.36 (KHTML, like Gecko) Chrome/46.0.2490.86 Safari/537.36"
::1 - - [25/Nov/2015:08:09:31 +0000] "GET /api/restaurants/3123234 HTTP/1.1" 200 - "-" "Mozilla/5.0 (Windows NT 6.3; WOW64) AppleWebKit/537.36 (KHTML, like Gecko) Chrome/46.0.2490.86 Safari/537.36"
::1 - - [25/Nov/2015:08:11:31 +0000] "GET /api/restaurants/3123234 HTTP/1.1" 200 63 "-" "Mozilla/5.0 (Windows NT 6.3; WOW64) AppleWebKit/537.36 (KHTML, like Gecko) Chrome/46.0.2490.86 Safari/537.36"
::1 - - [25/Nov/2015:08:12:49 +0000] "GET /api/restaurants/ HTTP/1.1" 200 550 "-" "Mozilla/5.0 (Windows NT 6.3; WOW64) AppleWebKit/537.36 (KHTML, like Gecko) Chrome/46.0.2490.86 Safari/537.36"
::1 - - [25/Nov/2015:08:12:54 +0000] "GET /api/restaurants/5654408e73c747de8aba2a95 HTTP/1.1" 200 274 "-" "Mozilla/5.0 (Windows NT 6.3; WOW64) AppleWebKit/537.36 (KHTML, like Gecko) Chrome/46.0.2490.86 Safari/537.36"
::1 - - [25/Nov/2015:08:18:14 +0000] "GET /api/restaurants/phone/0032 HTTP/1.1" 200 273 "-" "Mozilla/5.0 (Windows NT 6.3; WOW64) AppleWebKit/537.36 (KHTML, like Gecko) Chrome/46.0.2490.86 Safari/537.36"
::1 - - [25/Nov/2015:08:18:22 +0000] "GET /api/restaurants/phone/0 HTTP/1.1" 200 273 "-" "Mozilla/5.0 (Windows NT 6.3; WOW64) AppleWebKit/537.36 (KHTML, like Gecko) Chrome/46.0.2490.86 Safari/537.36"
::1 - - [25/Nov/2015:08:18:33 +0000] "GET /api/restaurants/name/Gilles HTTP/1.1" 200 273 "-" "Mozilla/5.0 (Windows NT 6.3; WOW64) AppleWebKit/537.36 (KHTML, like Gecko) Chrome/46.0.2490.86 Safari/537.36"
::1 - - [25/Nov/2015:08:18:39 +0000] "GET /api/restaurants/name/gilles HTTP/1.1" 200 273 "-" "Mozilla/5.0 (Windows NT 6.3; WOW64) AppleWebKit/537.36 (KHTML, like Gecko) Chrome/46.0.2490.86 Safari/537.36"
::1 - - [25/Nov/2015:08:18:40 +0000] "GET /api/restaurants/name/gilles HTTP/1.1" 200 273 "-" "Mozilla/5.0 (Windows NT 6.3; WOW64) AppleWebKit/537.36 (KHTML, like Gecko) Chrome/46.0.2490.86 Safari/537.36"
::1 - - [25/Nov/2015:08:18:41 +0000] "GET /api/restaurants/name/gilles HTTP/1.1" 200 273 "-" "Mozilla/5.0 (Windows NT 6.3; WOW64) AppleWebKit/537.36 (KHTML, like Gecko) Chrome/46.0.2490.86 Safari/537.36"
::1 - - [25/Nov/2015:08:19:07 +0000] "GET /api/restaurants/name/chez HTTP/1.1" 200 273 "-" "Mozilla/5.0 (Windows NT 6.3; WOW64) AppleWebKit/537.36 (KHTML, like Gecko) Chrome/46.0.2490.86 Safari/537.36"
::1 - - [25/Nov/2015:08:19:10 +0000] "GET /api/restaurants/name/chez HTTP/1.1" 200 273 "-" "Mozilla/5.0 (Windows NT 6.3; WOW64) AppleWebKit/537.36 (KHTML, like Gecko) Chrome/46.0.2490.86 Safari/537.36"
::1 - - [25/Nov/2015:08:19:10 +0000] "GET /api/restaurants/name/chez HTTP/1.1" 200 273 "-" "Mozilla/5.0 (Windows NT 6.3; WOW64) AppleWebKit/537.36 (KHTML, like Gecko) Chrome/46.0.2490.86 Safari/537.36"
::1 - - [25/Nov/2015:08:19:10 +0000] "GET /api/restaurants/name/chez HTTP/1.1" 200 273 "-" "Mozilla/5.0 (Windows NT 6.3; WOW64) AppleWebKit/537.36 (KHTML, like Gecko) Chrome/46.0.2490.86 Safari/537.36"
::1 - - [25/Nov/2015:08:19:12 +0000] "GET /api/restaurants/name/ch HTTP/1.1" 200 273 "-" "Mozilla/5.0 (Windows NT 6.3; WOW64) AppleWebKit/537.36 (KHTML, like Gecko) Chrome/46.0.2490.86 Safari/537.36"
::1 - - [25/Nov/2015:08:19:16 +0000] "GET /api/restaurants/name/try HTTP/1.1" 200 4 "-" "Mozilla/5.0 (Windows NT 6.3; WOW64) AppleWebKit/537.36 (KHTML, like Gecko) Chrome/46.0.2490.86 Safari/537.36"
::1 - - [25/Nov/2015:08:20:23 +0000] "GET /api/restaurants/ HTTP/1.1" 200 550 "-" "Mozilla/5.0 (Windows NT 6.3; WOW64) AppleWebKit/537.36 (KHTML, like Gecko) Chrome/46.0.2490.86 Safari/537.36"
::1 - - [25/Nov/2015:08:34:12 +0000] "GET /api/restaurants/ghgfh HTTP/1.1" 200 61 "-" "Mozilla/5.0 (Windows NT 6.3; WOW64) AppleWebKit/537.36 (KHTML, like Gecko) Chrome/46.0.2490.86 Safari/537.36"
::1 - - [25/Nov/2015:08:34:20 +0000] "GET /api/restaurants/ghgfh/fdgfdg HTTP/1.1" 200 4 "-" "Mozilla/5.0 (Windows NT 6.3; WOW64) AppleWebKit/537.36 (KHTML, like Gecko) Chrome/46.0.2490.86 Safari/537.36"
::1 - - [25/Nov/2015:08:34:27 +0000] "GET /api/restaurants/%3EERZRE HTTP/1.1" 200 62 "-" "Mozilla/5.0 (Windows NT 6.3; WOW64) AppleWebKit/537.36 (KHTML, like Gecko) Chrome/46.0.2490.86 Safari/537.36"
::1 - - [25/Nov/2015:08:42:35 +0000] "GET /api/restaurants/ HTTP/1.1" 200 550 "-" "Mozilla/5.0 (Windows NT 6.3; WOW64) AppleWebKit/537.36 (KHTML, like Gecko) Chrome/46.0.2490.86 Safari/537.36"
::1 - - [25/Nov/2015:08:47:16 +0000] "POST /api/restaurants/ HTTP/1.1" 200 117 "-" "Mozilla/5.0 (Windows NT 6.3; WOW64) AppleWebKit/537.36 (KHTML, like Gecko) Chrome/46.0.2490.86 Safari/537.36"
::1 - - [25/Nov/2015:08:47:52 +0000] "POST /api/restaurants/ HTTP/1.1" 200 37 "-" "Mozilla/5.0 (Windows NT 6.3; WOW64) AppleWebKit/537.36 (KHTML, like Gecko) Chrome/46.0.2490.86 Safari/537.36"
::1 - - [25/Nov/2015:08:48:01 +0000] "GET /api/restaurants/ HTTP/1.1" 200 833 "-" "Mozilla/5.0 (Windows NT 6.3; WOW64) AppleWebKit/537.36 (KHTML, like Gecko) Chrome/46.0.2490.86 Safari/537.36"
::1 - - [25/Nov/2015:09:45:05 +0000] "GET /api/restaurants/ HTTP/1.1" 200 833 "-" "Mozilla/5.0 (Windows NT 6.3; WOW64) AppleWebKit/537.36 (KHTML, like Gecko) Chrome/46.0.2490.86 Safari/537.36"
::1 - - [25/Nov/2015:09:49:04 +0000] "GET /api/restaurants/ HTTP/1.1" 200 834 "-" "Mozilla/5.0 (Windows NT 6.3; WOW64) AppleWebKit/537.36 (KHTML, like Gecko) Chrome/46.0.2490.86 Safari/537.36"
::1 - - [25/Nov/2015:09:50:01 +0000] "POST /api/restaurants/ HTTP/1.1" 200 37 "-" "Mozilla/5.0 (Windows NT 6.3; WOW64) AppleWebKit/537.36 (KHTML, like Gecko) Chrome/46.0.2490.86 Safari/537.36"
::1 - - [25/Nov/2015:09:50:06 +0000] "GET /api/restaurants/ HTTP/1.1" 200 832 "-" "Mozilla/5.0 (Windows NT 6.3; WOW64) AppleWebKit/537.36 (KHTML, like Gecko) Chrome/46.0.2490.86 Safari/537.36"
::1 - - [25/Nov/2015:09:53:08 +0000] "POST /api/restaurants/ HTTP/1.1" 200 37 "-" "Mozilla/5.0 (Windows NT 6.3; WOW64) AppleWebKit/537.36 (KHTML, like Gecko) Chrome/46.0.2490.86 Safari/537.36"
::1 - - [25/Nov/2015:09:53:15 +0000] "GET /api/restaurants/ HTTP/1.1" 200 833 "-" "Mozilla/5.0 (Windows NT 6.3; WOW64) AppleWebKit/537.36 (KHTML, like Gecko) Chrome/46.0.2490.86 Safari/537.36"
::1 - - [25/Nov/2015:10:14:01 +0000] "DELETE /api/restaurants/56543fbe73c747de8aba2a94 HTTP/1.1" 500 2145 "-" "Mozilla/5.0 (Windows NT 6.3; WOW64) AppleWebKit/537.36 (KHTML, like Gecko) Chrome/46.0.2490.86 Safari/537.36"
::1 - - [25/Nov/2015:10:14:23 +0000] "DELETE /api/restaurants/56543fbe73c747de8aba2a94 HTTP/1.1" 500 2097 "-" "Mozilla/5.0 (Windows NT 6.3; WOW64) AppleWebKit/537.36 (KHTML, like Gecko) Chrome/46.0.2490.86 Safari/537.36"
::1 - - [25/Nov/2015:10:14:35 +0000] "DELETE /api/restaurants/56543fbe73c747de8aba2a94 HTTP/1.1" 200 36 "-" "Mozilla/5.0 (Windows NT 6.3; WOW64) AppleWebKit/537.36 (KHTML, like Gecko) Chrome/46.0.2490.86 Safari/537.36"
::1 - - [25/Nov/2015:10:14:39 +0000] "GET /api/restaurants/ HTTP/1.1" 200 559 "-" "Mozilla/5.0 (Windows NT 6.3; WOW64) AppleWebKit/537.36 (KHTML, like Gecko) Chrome/46.0.2490.86 Safari/537.36"
::1 - - [27/Nov/2015:12:47:32 +0000] "GET / HTTP/1.1" 200 242 "-" "Mozilla/5.0 (Windows NT 6.3; WOW64; rv:41.0) Gecko/20100101 Firefox/41.0"
::1 - - [27/Nov/2015:12:47:32 +0000] "GET /css/main.css HTTP/1.1" 200 58 "http://localhost/" "Mozilla/5.0 (Windows NT 6.3; WOW64; rv:41.0) Gecko/20100101 Firefox/41.0"
::1 - - [27/Nov/2015:12:47:32 +0000] "GET /favicon.ico HTTP/1.1" 404 24 "-" "Mozilla/5.0 (Windows NT 6.3; WOW64; rv:41.0) Gecko/20100101 Firefox/41.0"
::1 - - [27/Nov/2015:12:47:32 +0000] "GET /favicon.ico HTTP/1.1" 404 24 "-" "Mozilla/5.0 (Windows NT 6.3; WOW64; rv:41.0) Gecko/20100101 Firefox/41.0"
::1 - - [27/Nov/2015:12:48:08 +0000] "GET /api/restaurants HTTP/1.1" 200 559 "-" "Mozilla/5.0 (Windows NT 6.3; WOW64; rv:41.0) Gecko/20100101 Firefox/41.0"
::1 - - [01/Dec/2015:15:41:26 +0000] "GET /api/restaurant HTTP/1.1" 404 27 "-" "Mozilla/5.0 (Windows NT 6.3; WOW64) AppleWebKit/537.36 (KHTML, like Gecko) Chrome/46.0.2490.86 Safari/537.36"
::1 - - [01/Dec/2015:15:41:26 +0000] "GET /favicon.ico HTTP/1.1" 404 24 "http://localhost/api/restaurant" "Mozilla/5.0 (Windows NT 6.3; WOW64) AppleWebKit/537.36 (KHTML, like Gecko) Chrome/46.0.2490.86 Safari/537.36"
::1 - - [01/Dec/2015:15:41:29 +0000] "GET /api/restaurant HTTP/1.1" 404 27 "-" "Mozilla/5.0 (Windows NT 6.3; WOW64) AppleWebKit/537.36 (KHTML, like Gecko) Chrome/46.0.2490.86 Safari/537.36"
::1 - - [01/Dec/2015:15:41:32 +0000] "GET /api/restaurant HTTP/1.1" 404 27 "-" "Mozilla/5.0 (Windows NT 6.3; WOW64) AppleWebKit/537.36 (KHTML, like Gecko) Chrome/46.0.2490.86 Safari/537.36"
::1 - - [01/Dec/2015:15:41:36 +0000] "GET /api/restaurants HTTP/1.1" 200 559 "-" "Mozilla/5.0 (Windows NT 6.3; WOW64) AppleWebKit/537.36 (KHTML, like Gecko) Chrome/46.0.2490.86 Safari/537.36"
::1 - - [03/Dec/2015:15:34:48 +0000] "GET /api/restaurants HTTP/1.1" 200 559 "-" "Mozilla/5.0 (Windows NT 6.3; WOW64; rv:42.0) Gecko/20100101 Firefox/42.0"
::1 - - [03/Dec/2015:15:34:48 +0000] "GET /favicon.ico HTTP/1.1" 404 24 "-" "Mozilla/5.0 (Windows NT 6.3; WOW64; rv:42.0) Gecko/20100101 Firefox/42.0"
::1 - - [03/Dec/2015:15:34:48 +0000] "GET /favicon.ico HTTP/1.1" 404 24 "-" "Mozilla/5.0 (Windows NT 6.3; WOW64; rv:42.0) Gecko/20100101 Firefox/42.0"
::1 - - [03/Dec/2015:15:37:46 +0000] "GET /api/restaurants HTTP/1.1" 200 559 "-" "Mozilla/5.0 (Windows NT 6.3; WOW64; rv:42.0) Gecko/20100101 Firefox/42.0"
::1 - - [03/Dec/2015:15:39:10 +0000] "GET /api/restaurants HTTP/1.1" 200 559 "-" "Mozilla/5.0 (Windows NT 6.3; WOW64; rv:42.0) Gecko/20100101 Firefox/42.0"
::1 - - [03/Dec/2015:15:39:32 +0000] "GET /api/restaurants HTTP/1.1" 200 559 "-" "Mozilla/5.0 (Windows NT 6.3; WOW64; rv:42.0) Gecko/20100101 Firefox/42.0"
::1 - - [03/Dec/2015:15:40:24 +0000] "GET /api/restaurants HTTP/1.1" 200 559 "-" "Mozilla/5.0 (Windows NT 6.3; WOW64; rv:42.0) Gecko/20100101 Firefox/42.0"
::1 - - [03/Dec/2015:15:42:53 +0000] "GET /api/restaurants HTTP/1.1" 200 559 "-" "Mozilla/5.0 (Windows NT 6.3; WOW64; rv:42.0) Gecko/20100101 Firefox/42.0"
::1 - - [03/Dec/2015:15:53:27 +0000] "GET /api/restaurants HTTP/1.1" 200 559 "-" "Mozilla/5.0 (Windows NT 6.3; WOW64; rv:42.0) Gecko/20100101 Firefox/42.0"
::1 - - [03/Dec/2015:15:53:29 +0000] "GET /api/restaurants HTTP/1.1" 200 559 "-" "Mozilla/5.0 (Windows NT 6.3; WOW64; rv:42.0) Gecko/20100101 Firefox/42.0"
::1 - - [03/Dec/2015:15:56:45 +0000] "GET /api/restaurants HTTP/1.1" 200 559 "-" "Mozilla/5.0 (Windows NT 6.3; WOW64; rv:42.0) Gecko/20100101 Firefox/42.0"
::1 - - [03/Dec/2015:15:56:46 +0000] "GET /api/restaurants HTTP/1.1" 200 559 "-" "Mozilla/5.0 (Windows NT 6.3; WOW64; rv:42.0) Gecko/20100101 Firefox/42.0"
::1 - - [03/Dec/2015:15:57:03 +0000] "GET /api/restaurants HTTP/1.1" 200 559 "-" "Mozilla/5.0 (Windows NT 6.3; WOW64; rv:42.0) Gecko/20100101 Firefox/42.0"
::1 - - [03/Dec/2015:15:57:05 +0000] "GET /api/restaurants HTTP/1.1" 200 559 "-" "Mozilla/5.0 (Windows NT 6.3; WOW64; rv:42.0) Gecko/20100101 Firefox/42.0"
::1 - - [03/Dec/2015:15:59:29 +0000] "GET /api/restaurants HTTP/1.1" 200 559 "-" "Mozilla/5.0 (Windows NT 6.3; WOW64; rv:42.0) Gecko/20100101 Firefox/42.0"
::1 - - [03/Dec/2015:15:59:36 +0000] "GET /api/restaurants HTTP/1.1" 200 559 "-" "Mozilla/5.0 (Windows NT 6.3; WOW64; rv:42.0) Gecko/20100101 Firefox/42.0"
::1 - - [03/Dec/2015:15:59:50 +0000] "GET /api/restaurants HTTP/1.1" 200 559 "-" "Mozilla/5.0 (Windows NT 6.3; WOW64; rv:42.0) Gecko/20100101 Firefox/42.0"
::1 - - [03/Dec/2015:15:59:51 +0000] "GET /api/restaurants HTTP/1.1" 200 559 "-" "Mozilla/5.0 (Windows NT 6.3; WOW64; rv:42.0) Gecko/20100101 Firefox/42.0"
::1 - - [03/Dec/2015:16:01:36 +0000] "GET /api/restaurants HTTP/1.1" 200 559 "-" "Mozilla/5.0 (Windows NT 6.3; WOW64; rv:42.0) Gecko/20100101 Firefox/42.0"
::1 - - [03/Dec/2015:16:01:43 +0000] "GET /api/restaurants HTTP/1.1" 200 559 "-" "Mozilla/5.0 (Windows NT 6.3; WOW64; rv:42.0) Gecko/20100101 Firefox/42.0"
::1 - - [03/Dec/2015:16:03:20 +0000] "GET /api/restaurants HTTP/1.1" 200 559 "-" "Mozilla/5.0 (Windows NT 6.3; WOW64; rv:42.0) Gecko/20100101 Firefox/42.0"
::1 - - [03/Dec/2015:16:04:22 +0000] "GET /api/restaurants HTTP/1.1" 200 559 "-" "Mozilla/5.0 (Windows NT 6.3; WOW64; rv:42.0) Gecko/20100101 Firefox/42.0"
